(sbert) ziyun99@gpuserver:~/fyp-ELCO/phase2/AN/functions$ python rankeval_AN.py 

=> Ranking evaluation on: /home/ziyun99/fyp-ELCO/phase1/AN/data/raw/AN_scoring_mpnet.json

Category sets:
 -> without semineg samples: {0: 'randneg', 1: 'baseline', 2: 'positive'}
 -> with semineg samples: {0: 'randneg', 1: 'semineg', 2: 'baseline', 3: 'positive'}

Category set: without semineg samples
210
  Dataset: raw 
  Ranking evaluation outcome: 
         - Number of samples ranked 1st: {2: 171, 0: 2, 1: 38} 

  Dataset: augmented 
  Ranking evaluation outcome: 
         - Number of samples ranked 1st: {2: 169, 1: 38, 0: 3} 

Category set: with semineg samples
210
  Dataset: raw 
  Ranking evaluation outcome: 
         - Number of samples ranked 1st: {3: 152, 1: 28, 2: 30, 0: 1} 

  Dataset: augmented 
  Ranking evaluation outcome: 
         - Number of samples ranked 1st: {3: 146, 2: 29, 1: 33, 0: 2} 

{'with semineg samples': {'augmented': {0: {'category_name': 'randneg',
                                            'max_count': 2,
                                            'max_count_percentage': 0.009523809523809525},
                                        1: {'category_name': 'semineg',
                                            'max_count': 33,
                                            'max_count_percentage': 0.15714285714285714},
                                        2: {'category_name': 'baseline',
                                            'max_count': 29,
                                            'max_count_percentage': 0.1380952380952381},
                                        3: {'category_name': 'positive',
                                            'max_count': 146,
                                            'max_count_percentage': 0.6952380952380952}},
                          'raw': {0: {'category_name': 'randneg',
                                      'max_count': 1,
                                      'max_count_percentage': 0.004761904761904762},
                                  1: {'category_name': 'semineg',
                                      'max_count': 28,
                                      'max_count_percentage': 0.13333333333333333},
                                  2: {'category_name': 'baseline',
                                      'max_count': 30,
                                      'max_count_percentage': 0.14285714285714285},
                                  3: {'category_name': 'positive',
                                      'max_count': 152,
                                      'max_count_percentage': 0.7238095238095238}}},
 'without semineg samples': {'augmented': {0: {'category_name': 'randneg',
                                               'max_count': 3,
                                               'max_count_percentage': 0.014285714285714285},
                                           1: {'category_name': 'baseline',
                                               'max_count': 38,
                                               'max_count_percentage': 0.18095238095238095},
                                           2: {'category_name': 'positive',
                                               'max_count': 169,
                                               'max_count_percentage': 0.8047619047619048}},
                             'raw': {0: {'category_name': 'randneg',
                                         'max_count': 2,
                                         'max_count_percentage': 0.009523809523809525},
                                     1: {'category_name': 'baseline',
                                         'max_count': 38,
                                         'max_count_percentage': 0.18095238095238095},
                                     2: {'category_name': 'positive',
                                         'max_count': 171,
                                         'max_count_percentage': 0.8142857142857143}}}}

###############################################################################


(sbert) ziyun99@gpuserver:~/fyp-ELCO/phase2/AN/functions$ python rankeval_AN.py 

=> Ranking evaluation on: /home/ziyun99/fyp-ELCO/phase2/AN/data/raw/AN_scoring_mpnet.json

Category sets:
 -> without semineg samples: {0: 'randneg', 1: 'baseline', 2: 'positive'}
 -> with semineg samples: {0: 'randneg', 1: 'semineg', 2: 'baseline', 3: 'positive'}

Category set: without semineg samples
210
  Dataset: raw 
  Ranking evaluation outcome: 
         - Number of samples ranked 1st: {2: 185, 1: 27} 

  Dataset: augmented 
  Ranking evaluation outcome: 
         - Number of samples ranked 1st: {2: 187, 1: 21, 0: 2} 

Category set: with semineg samples
210
  Dataset: raw 
  Ranking evaluation outcome: 
         - Number of samples ranked 1st: {3: 172, 1: 23, 2: 18} 

  Dataset: augmented 
  Ranking evaluation outcome: 
         - Number of samples ranked 1st: {3: 170, 2: 19, 0: 2, 1: 19} 

{'with semineg samples': {'augmented': {0: {'category_name': 'randneg',
                                            'max_count': 2,
                                            'max_count_percentage': 0.009523809523809525},
                                        1: {'category_name': 'semineg',
                                            'max_count': 19,
                                            'max_count_percentage': 0.09047619047619047},
                                        2: {'category_name': 'baseline',
                                            'max_count': 19,
                                            'max_count_percentage': 0.09047619047619047},
                                        3: {'category_name': 'positive',
                                            'max_count': 170,
                                            'max_count_percentage': 0.8095238095238095}},
                          'raw': {0: {'category_name': 'randneg'},
                                  1: {'category_name': 'semineg',
                                      'max_count': 23,
                                      'max_count_percentage': 0.10952380952380952},
                                  2: {'category_name': 'baseline',
                                      'max_count': 18,
                                      'max_count_percentage': 0.08571428571428572},
                                  3: {'category_name': 'positive',
                                      'max_count': 172,
                                      'max_count_percentage': 0.819047619047619}}},
 'without semineg samples': {'augmented': {0: {'category_name': 'randneg',
                                               'max_count': 2,
                                               'max_count_percentage': 0.009523809523809525},
                                           1: {'category_name': 'baseline',
                                               'max_count': 21,
                                               'max_count_percentage': 0.1},
                                           2: {'category_name': 'positive',
                                               'max_count': 187,
                                               'max_count_percentage': 0.8904761904761904}},
                             'raw': {0: {'category_name': 'randneg'},
                                     1: {'category_name': 'baseline',
                                         'max_count': 27,
                                         'max_count_percentage': 0.12857142857142856},
                                     2: {'category_name': 'positive',
                                         'max_count': 185,
                                         'max_count_percentage': 0.8809523809523809}}}}

###############################################################################


(sbert) ziyun99@gpuserver:~/fyp-ELCO/phase2/AN/functions$ python plot_AN.py 

Done reading raw data file: /home/ziyun99/fyp-ELCO/phase1/AN/data/raw/AN_scoring_mpnet.json, 
 returns a mean similarity score dataframe, 
 also saved at /home/ziyun99/fyp-ELCO/phase1/AN/data/scores/AN_score.xlsx
(77, 16)
(45, 17)

Done reading datafile: /home/ziyun99/fyp-ELCO/phase1/AN/data/raw/AN_scoring_mpnet.json, 
 saved breakdown aggregated scores for 
 attributes (total attribute count: 68): /home/ziyun99/fyp-ELCO/phase1/AN/data/scores/AN_score_attribute.xlsx, 
 for adjectives (total adj count: 62): /home/ziyun99/fyp-ELCO/phase1/AN/data/scores/AN_score_adj.xlsx

=> Compute matching baseline. Outcome on the file: /home/ziyun99/fyp-ELCO/phase1/AN/data/raw/AN_scoring_mpnet.json
 total number of responses from annotators: 1153, average nummber of annotaters per concept: 5.49
 avg length of emoji annotations: 2.13
 avg match count: 0.16
 number of non-zero match count (for all the emoji annotations): 186
 number of zero-emoji match count: 967 (83.87%)
 number of one-emoji match count: 185 (16.05%)
 number of two-emoji match count: 1 (0.09%)

=> Compute ratings. Outcome on the file: /home/ziyun99/fyp-ELCO/phase1/AN/data/raw/AN_scoring_mpnet.json
Ratings (over all annotations of all concepts): mean, median, mode, variance [2.7010785  2.70952381 2.58571429 1.4026535 ]

 => Get TopK and Bottom K. Outcome on the file: /home/ziyun99/fyp-ELCO/phase1/AN/data/scores/AN_score_adj.xlsx
 Top5 with min 3 samples: 
 List: ['fresh', 'foreign', 'heavy', 'internal', 'domestic'], margin scores (mean: 0.2445): [0.28, 0.2643, 0.2578, 0.2165, 0.2039], average ratings (mean: 2.6206): [2.875, 2.5333, 2.9445, 2.75, 2.0]
 Bottom5 with min 3 samples: 
 List: ['sound', 'intelligent', 'far', 'full', 'bright'], margin scores (mean: 0.0151): [0.0445, 0.0341, 0.0246, 0.0189, -0.0466], average ratings (mean: 2.9880): [2.9375, 2.1667, 3.05, 3.0, 3.7857]

 => Get TopK and Bottom K. Outcome on the file: /home/ziyun99/fyp-ELCO/phase1/AN/data/scores/AN_score_attribute.xlsx
 Top5 with min 2 samples: 
 List: ['PERFECTION', 'FRESHNESS', 'WEIGHT', 'DOMESTICITY', 'DULLNESS'], margin scores (mean: 0.2749): [0.3469, 0.277, 0.2552, 0.2478, 0.2474], average ratings (mean: 2.4464): [2.2322, 3.0833, 2.6667, 1.75, 2.5]
 Bottom5 with min 2 samples: 
 List: ['LEGALITY', 'COMPLETENESS', 'RIGHTNESS', 'COLOR', 'ORDINARINESS'], margin scores (mean: -0.0496): [-0.0172, -0.0184, -0.0348, -0.0591, -0.1186], average ratings (mean: 3.2538): [3.6364, 3.25, 2.4, 3.5714, 3.4111]


###############################################################################


(sbert) ziyun99@gpuserver:~/fyp-ELCO/phase2/AN/functions$ python plot_AN.py 

Done reading raw data file: /home/ziyun99/fyp-ELCO/phase2/AN/data/raw/AN_scoring_mpnet.json, 
 returns a mean similarity score dataframe, 
 also saved at /home/ziyun99/fyp-ELCO/phase2/AN/data/scores/AN_score.xlsx
(77, 16)
(45, 17)

Done reading datafile: /home/ziyun99/fyp-ELCO/phase2/AN/data/raw/AN_scoring_mpnet.json, 
 saved breakdown aggregated scores for 
 attributes (total attribute count: 68): /home/ziyun99/fyp-ELCO/phase2/AN/data/scores/AN_score_attribute.xlsx, 
 for adjectives (total adj count: 62): /home/ziyun99/fyp-ELCO/phase2/AN/data/scores/AN_score_adj.xlsx

=> Compute matching baseline. Outcome on the file: /home/ziyun99/fyp-ELCO/phase2/AN/data/raw/AN_scoring_mpnet.json
 total number of responses from annotators: 1663, average nummber of annotaters per concept: 7.92
 avg length of emoji annotations: 2.59
 avg match count: 0.20
 number of non-zero match count (for all the emoji annotations): 326
 number of zero-emoji match count: 1337 (80.40%)
 number of one-emoji match count: 315 (18.94%)
 number of two-emoji match count: 11 (0.66%)

=> Compute ratings. Outcome on the file: /home/ziyun99/fyp-ELCO/phase2/AN/data/raw/AN_scoring_mpnet.json
Ratings (over all annotations of all concepts): mean, median, mode, variance [2.32228905 2.17380952 2.05714286 1.14753476]

 => Get TopK and Bottom K. Outcome on the file: /home/ziyun99/fyp-ELCO/phase2/AN/data/scores/AN_score_adj.xlsx
 Top5 with min 3 samples: 
 List: ['domestic', 'foreign', 'heavy', 'fresh', 'dry'], margin scores (mean: 0.2703): [0.3104, 0.2739, 0.2661, 0.2543, 0.247], average ratings (mean: 2.0542): [1.9375, 2.375, 2.0476, 2.3611, 1.55]
 Bottom5 with min 3 samples: 
 List: ['sound', 'high', 'cool', 'full', 'bright'], margin scores (mean: 0.0332): [0.0603, 0.0547, 0.0449, 0.0093, -0.0032], average ratings (mean: 3.0257): [2.5278, 2.6818, 3.425, 2.4, 4.0938]

 => Get TopK and Bottom K. Outcome on the file: /home/ziyun99/fyp-ELCO/phase2/AN/data/scores/AN_score_attribute.xlsx
 Top5 with min 2 samples: 
 List: ['PERFECTION', 'WETNESS', 'DOMESTICITY', 'DULLNESS', 'WEIGHT'], margin scores (mean: 0.3154): [0.3449, 0.3321, 0.3201, 0.2916, 0.2884], average ratings (mean: 1.5678): [1.5714, 1.5, 1.625, 1.5, 1.6428]
 Bottom5 with min 2 samples: 
 List: ['COLOR', 'LEGALITY', 'STATURE', 'ORDINARINESS', 'COMPLETENESS'], margin scores (mean: -0.0056): [0.0191, 0.0157, 0.0134, -0.0241, -0.052], average ratings (mean: 3.2776): [4.5, 3.1875, 2.125, 3.6072, 2.9683]